2025-08-12 23:27:28,875 - INFO - Serviço de coleta de dados da SPTrans iniciado.
2025-08-12 23:27:28,876 - INFO - A coleta será executada a cada 30 minutos entre 05:00:00 e 23:00:00.
2025-08-12 23:29:25,523 - INFO - Serviço de coleta de dados da SPTrans iniciado.
2025-08-12 23:29:25,523 - INFO - A coleta será executada a cada 30 minutos entre 05:00:00 e 23:00:00.
2025-08-12 23:29:25,523 - INFO - Fora do horário de coleta. Próxima verificação de agendamento às 2025-08-13 05:00:00.
2025-08-12 23:58:39,001 - INFO - Serviço de coleta de dados da SPTrans iniciado.
2025-08-12 23:58:39,001 - INFO - A coleta será executada a cada 30 minutos entre 05:00:00 e 23:00:00.
2025-08-12 23:58:39,002 - INFO - Fora do horário de coleta. Próxima verificação de agendamento às 2025-08-13 05:00:00.
2025-08-13 09:12:00,962 - INFO - Serviço de coleta de dados da SPTrans iniciado.
2025-08-13 09:12:00,963 - INFO - Coleta agendada para verificação a cada 30 minutos.
2025-08-13 09:42:01,360 - INFO - Iniciando novo ciclo de coleta de dados...
2025-08-13 09:42:01,534 - INFO - Autenticado com sucesso!
2025-08-13 09:42:02,097 - INFO - Diretório criado: data/collected
2025-08-13 09:42:02,254 - INFO - Dados salvos com sucesso em data/collected/posicoes_onibus_2025-08-13_09-42-02.json
2025-08-13 10:12:02,684 - INFO - Iniciando novo ciclo de coleta de dados...
2025-08-13 10:12:02,888 - INFO - Autenticado com sucesso!
2025-08-13 10:12:03,480 - INFO - Dados salvos com sucesso em data/collected/posicoes_onibus_2025-08-13_10-12-03.json
2025-08-13 10:42:03,900 - INFO - Iniciando novo ciclo de coleta de dados...
2025-08-13 10:42:04,116 - INFO - Autenticado com sucesso!
2025-08-13 10:42:04,831 - INFO - Dados salvos com sucesso em data/collected/posicoes_onibus_2025-08-13_10-42-04.json
2025-08-13 11:12:05,263 - INFO - Iniciando novo ciclo de coleta de dados...
2025-08-13 11:12:05,649 - INFO - Autenticado com sucesso!
2025-08-13 11:12:06,877 - INFO - Dados salvos com sucesso em data/collected/posicoes_onibus_2025-08-13_11-12-06.json
2025-08-13 11:42:07,318 - INFO - Iniciando novo ciclo de coleta de dados...
2025-08-13 11:42:07,326 - ERROR - Erro de conexão durante a autenticação: HTTPConnectionPool(host='api.olhovivo.sptrans.com.br', port=80): Max retries exceeded with url: /v2.1/Login/Autenticar?token=90c7e5fa56797122daf7e57875e6d5a5dfd9540df808658242a786f4ef2eb135 (Caused by NameResolutionError("<urllib3.connection.HTTPConnection object at 0x745b9157fe10>: Failed to resolve 'api.olhovivo.sptrans.com.br' ([Errno -2] Name or service not known)"))
2025-08-13 11:42:07,327 - ERROR - Não foi possível autenticar na API. Abortando ciclo.
2025-08-13 12:12:07,761 - INFO - Iniciando novo ciclo de coleta de dados...
2025-08-13 12:12:07,767 - ERROR - Erro de conexão durante a autenticação: HTTPConnectionPool(host='api.olhovivo.sptrans.com.br', port=80): Max retries exceeded with url: /v2.1/Login/Autenticar?token=90c7e5fa56797122daf7e57875e6d5a5dfd9540df808658242a786f4ef2eb135 (Caused by NameResolutionError("<urllib3.connection.HTTPConnection object at 0x745b916032f0>: Failed to resolve 'api.olhovivo.sptrans.com.br' ([Errno -2] Name or service not known)"))
2025-08-13 12:12:07,768 - ERROR - Não foi possível autenticar na API. Abortando ciclo.
2025-08-13 12:42:08,196 - INFO - Iniciando novo ciclo de coleta de dados...
2025-08-13 12:42:08,206 - ERROR - Erro de conexão durante a autenticação: HTTPConnectionPool(host='api.olhovivo.sptrans.com.br', port=80): Max retries exceeded with url: /v2.1/Login/Autenticar?token=90c7e5fa56797122daf7e57875e6d5a5dfd9540df808658242a786f4ef2eb135 (Caused by NameResolutionError("<urllib3.connection.HTTPConnection object at 0x745b914197b0>: Failed to resolve 'api.olhovivo.sptrans.com.br' ([Errno -2] Name or service not known)"))
2025-08-13 12:42:08,206 - ERROR - Não foi possível autenticar na API. Abortando ciclo.
2025-08-13 13:12:08,636 - INFO - Iniciando novo ciclo de coleta de dados...
2025-08-13 13:12:08,643 - ERROR - Erro de conexão durante a autenticação: HTTPConnectionPool(host='api.olhovivo.sptrans.com.br', port=80): Max retries exceeded with url: /v2.1/Login/Autenticar?token=90c7e5fa56797122daf7e57875e6d5a5dfd9540df808658242a786f4ef2eb135 (Caused by NameResolutionError("<urllib3.connection.HTTPConnection object at 0x745b91419bf0>: Failed to resolve 'api.olhovivo.sptrans.com.br' ([Errno -2] Name or service not known)"))
2025-08-13 13:12:08,645 - ERROR - Não foi possível autenticar na API. Abortando ciclo.
2025-08-13 13:42:09,070 - INFO - Iniciando novo ciclo de coleta de dados...
2025-08-13 13:42:09,080 - ERROR - Erro de conexão durante a autenticação: HTTPConnectionPool(host='api.olhovivo.sptrans.com.br', port=80): Max retries exceeded with url: /v2.1/Login/Autenticar?token=90c7e5fa56797122daf7e57875e6d5a5dfd9540df808658242a786f4ef2eb135 (Caused by NameResolutionError("<urllib3.connection.HTTPConnection object at 0x745b91419e10>: Failed to resolve 'api.olhovivo.sptrans.com.br' ([Errno -2] Name or service not known)"))
2025-08-13 13:42:09,081 - ERROR - Não foi possível autenticar na API. Abortando ciclo.
2025-08-13 14:12:09,508 - INFO - Iniciando novo ciclo de coleta de dados...
2025-08-13 14:12:09,516 - ERROR - Erro de conexão durante a autenticação: HTTPConnectionPool(host='api.olhovivo.sptrans.com.br', port=80): Max retries exceeded with url: /v2.1/Login/Autenticar?token=90c7e5fa56797122daf7e57875e6d5a5dfd9540df808658242a786f4ef2eb135 (Caused by NameResolutionError("<urllib3.connection.HTTPConnection object at 0x745b9141a030>: Failed to resolve 'api.olhovivo.sptrans.com.br' ([Errno -2] Name or service not known)"))
2025-08-13 14:12:09,517 - ERROR - Não foi possível autenticar na API. Abortando ciclo.
2025-08-13 14:42:09,949 - INFO - Iniciando novo ciclo de coleta de dados...
2025-08-13 14:42:09,959 - ERROR - Erro de conexão durante a autenticação: HTTPConnectionPool(host='api.olhovivo.sptrans.com.br', port=80): Max retries exceeded with url: /v2.1/Login/Autenticar?token=90c7e5fa56797122daf7e57875e6d5a5dfd9540df808658242a786f4ef2eb135 (Caused by NameResolutionError("<urllib3.connection.HTTPConnection object at 0x745b9141a250>: Failed to resolve 'api.olhovivo.sptrans.com.br' ([Errno -2] Name or service not known)"))
2025-08-13 14:42:09,960 - ERROR - Não foi possível autenticar na API. Abortando ciclo.
2025-08-13 15:12:10,394 - INFO - Iniciando novo ciclo de coleta de dados...
2025-08-13 15:12:10,396 - ERROR - Erro de conexão durante a autenticação: HTTPConnectionPool(host='api.olhovivo.sptrans.com.br', port=80): Max retries exceeded with url: /v2.1/Login/Autenticar?token=90c7e5fa56797122daf7e57875e6d5a5dfd9540df808658242a786f4ef2eb135 (Caused by NameResolutionError("<urllib3.connection.HTTPConnection object at 0x745b9141a470>: Failed to resolve 'api.olhovivo.sptrans.com.br' ([Errno -2] Name or service not known)"))
2025-08-13 15:12:10,396 - ERROR - Não foi possível autenticar na API. Abortando ciclo.
2025-08-13 15:42:10,830 - INFO - Iniciando novo ciclo de coleta de dados...
2025-08-13 15:42:10,839 - ERROR - Erro de conexão durante a autenticação: HTTPConnectionPool(host='api.olhovivo.sptrans.com.br', port=80): Max retries exceeded with url: /v2.1/Login/Autenticar?token=90c7e5fa56797122daf7e57875e6d5a5dfd9540df808658242a786f4ef2eb135 (Caused by NameResolutionError("<urllib3.connection.HTTPConnection object at 0x745b9141a690>: Failed to resolve 'api.olhovivo.sptrans.com.br' ([Errno -2] Name or service not known)"))
2025-08-13 15:42:10,840 - ERROR - Não foi possível autenticar na API. Abortando ciclo.
2025-08-13 16:12:11,269 - INFO - Iniciando novo ciclo de coleta de dados...
2025-08-13 16:12:11,276 - ERROR - Erro de conexão durante a autenticação: HTTPConnectionPool(host='api.olhovivo.sptrans.com.br', port=80): Max retries exceeded with url: /v2.1/Login/Autenticar?token=90c7e5fa56797122daf7e57875e6d5a5dfd9540df808658242a786f4ef2eb135 (Caused by NameResolutionError("<urllib3.connection.HTTPConnection object at 0x745b9141a8b0>: Failed to resolve 'api.olhovivo.sptrans.com.br' ([Errno -2] Name or service not known)"))
2025-08-13 16:12:11,277 - ERROR - Não foi possível autenticar na API. Abortando ciclo.
2025-08-13 16:42:11,711 - INFO - Iniciando novo ciclo de coleta de dados...
2025-08-13 16:42:11,720 - ERROR - Erro de conexão durante a autenticação: HTTPConnectionPool(host='api.olhovivo.sptrans.com.br', port=80): Max retries exceeded with url: /v2.1/Login/Autenticar?token=90c7e5fa56797122daf7e57875e6d5a5dfd9540df808658242a786f4ef2eb135 (Caused by NameResolutionError("<urllib3.connection.HTTPConnection object at 0x745b9141aad0>: Failed to resolve 'api.olhovivo.sptrans.com.br' ([Errno -2] Name or service not known)"))
2025-08-13 16:42:11,721 - ERROR - Não foi possível autenticar na API. Abortando ciclo.
2025-08-13 17:12:12,153 - INFO - Iniciando novo ciclo de coleta de dados...
2025-08-13 17:12:12,171 - ERROR - Erro de conexão durante a autenticação: HTTPConnectionPool(host='api.olhovivo.sptrans.com.br', port=80): Max retries exceeded with url: /v2.1/Login/Autenticar?token=90c7e5fa56797122daf7e57875e6d5a5dfd9540df808658242a786f4ef2eb135 (Caused by NameResolutionError("<urllib3.connection.HTTPConnection object at 0x745b9141aad0>: Failed to resolve 'api.olhovivo.sptrans.com.br' ([Errno -2] Name or service not known)"))
2025-08-13 17:12:12,171 - ERROR - Não foi possível autenticar na API. Abortando ciclo.
2025-08-13 17:42:12,601 - INFO - Iniciando novo ciclo de coleta de dados...
2025-08-13 17:42:12,611 - ERROR - Erro de conexão durante a autenticação: HTTPConnectionPool(host='api.olhovivo.sptrans.com.br', port=80): Max retries exceeded with url: /v2.1/Login/Autenticar?token=90c7e5fa56797122daf7e57875e6d5a5dfd9540df808658242a786f4ef2eb135 (Caused by NameResolutionError("<urllib3.connection.HTTPConnection object at 0x745b9141a8b0>: Failed to resolve 'api.olhovivo.sptrans.com.br' ([Errno -2] Name or service not known)"))
2025-08-13 17:42:12,611 - ERROR - Não foi possível autenticar na API. Abortando ciclo.
2025-08-13 18:12:13,033 - INFO - Iniciando novo ciclo de coleta de dados...
2025-08-13 18:12:13,043 - ERROR - Erro de conexão durante a autenticação: HTTPConnectionPool(host='api.olhovivo.sptrans.com.br', port=80): Max retries exceeded with url: /v2.1/Login/Autenticar?token=90c7e5fa56797122daf7e57875e6d5a5dfd9540df808658242a786f4ef2eb135 (Caused by NameResolutionError("<urllib3.connection.HTTPConnection object at 0x745b9141a690>: Failed to resolve 'api.olhovivo.sptrans.com.br' ([Errno -2] Name or service not known)"))
2025-08-13 18:12:13,044 - ERROR - Não foi possível autenticar na API. Abortando ciclo.
2025-08-13 18:42:13,501 - INFO - Iniciando novo ciclo de coleta de dados...
2025-08-13 18:42:13,642 - INFO - Autenticado com sucesso!
2025-08-13 18:42:14,237 - INFO - Dados salvos com sucesso em data/collected/posicoes_onibus_2025-08-13_18-42-14.json
2025-08-13 19:12:14,669 - INFO - Iniciando novo ciclo de coleta de dados...
2025-08-13 19:12:14,804 - INFO - Autenticado com sucesso!
2025-08-13 19:12:15,526 - INFO - Dados salvos com sucesso em data/collected/posicoes_onibus_2025-08-13_19-12-15.json
2025-08-13 19:42:15,909 - INFO - Iniciando novo ciclo de coleta de dados...
2025-08-13 19:42:16,519 - INFO - Autenticado com sucesso!
2025-08-13 19:42:17,049 - INFO - Dados salvos com sucesso em data/collected/posicoes_onibus_2025-08-13_19-42-16.json
2025-08-13 20:12:17,454 - INFO - Iniciando novo ciclo de coleta de dados...
2025-08-13 20:12:17,538 - INFO - Autenticado com sucesso!
2025-08-13 20:12:18,291 - INFO - Dados salvos com sucesso em data/collected/posicoes_onibus_2025-08-13_20-12-18.json
2025-08-13 20:42:18,663 - INFO - Iniciando novo ciclo de coleta de dados...
2025-08-13 20:42:19,194 - INFO - Autenticado com sucesso!
2025-08-13 20:42:19,942 - INFO - Dados salvos com sucesso em data/collected/posicoes_onibus_2025-08-13_20-42-19.json
2025-08-13 21:12:20,331 - INFO - Iniciando novo ciclo de coleta de dados...
2025-08-13 21:12:20,728 - INFO - Autenticado com sucesso!
2025-08-13 21:12:21,264 - INFO - Dados salvos com sucesso em data/collected/posicoes_onibus_2025-08-13_21-12-21.json
2025-08-13 21:42:21,680 - INFO - Iniciando novo ciclo de coleta de dados...
2025-08-13 21:42:21,862 - INFO - Autenticado com sucesso!
2025-08-13 21:42:22,610 - INFO - Dados salvos com sucesso em data/collected/posicoes_onibus_2025-08-13_21-42-22.json
2025-08-13 22:12:22,972 - INFO - Iniciando novo ciclo de coleta de dados...
2025-08-13 22:12:23,432 - INFO - Autenticado com sucesso!
2025-08-13 22:12:24,777 - INFO - Dados salvos com sucesso em data/collected/posicoes_onibus_2025-08-13_22-12-24.json
2025-08-13 22:42:25,158 - INFO - Iniciando novo ciclo de coleta de dados...
2025-08-13 22:42:25,332 - INFO - Autenticado com sucesso!
2025-08-13 22:42:25,750 - INFO - Dados salvos com sucesso em data/collected/posicoes_onibus_2025-08-13_22-42-25.json
2025-08-13 23:12:26,170 - INFO - Fora do horário de coleta (23:12:26.170290). Pulando execução.
2025-08-13 23:42:26,591 - INFO - Fora do horário de coleta (23:42:26.591167). Pulando execução.
2025-08-14 00:12:27,006 - INFO - Fora do horário de coleta (00:12:27.006759). Pulando execução.
2025-08-14 00:42:27,443 - INFO - Fora do horário de coleta (00:42:27.443267). Pulando execução.
2025-08-14 01:12:27,796 - INFO - Fora do horário de coleta (01:12:27.796826). Pulando execução.
2025-08-14 01:42:28,222 - INFO - Fora do horário de coleta (01:42:28.222758). Pulando execução.
2025-08-14 02:12:28,654 - INFO - Fora do horário de coleta (02:12:28.654088). Pulando execução.
2025-08-14 02:42:29,082 - INFO - Fora do horário de coleta (02:42:29.082594). Pulando execução.
2025-08-14 03:12:29,510 - INFO - Fora do horário de coleta (03:12:29.510332). Pulando execução.
2025-08-14 03:42:29,937 - INFO - Fora do horário de coleta (03:42:29.937057). Pulando execução.
2025-08-14 04:12:30,374 - INFO - Fora do horário de coleta (04:12:30.374092). Pulando execução.
2025-08-14 04:42:30,804 - INFO - Fora do horário de coleta (04:42:30.804593). Pulando execução.
2025-08-14 05:12:31,241 - INFO - Iniciando novo ciclo de coleta de dados...
2025-08-14 05:12:31,248 - ERROR - Erro de conexão durante a autenticação: HTTPConnectionPool(host='api.olhovivo.sptrans.com.br', port=80): Max retries exceeded with url: /v2.1/Login/Autenticar?token=90c7e5fa56797122daf7e57875e6d5a5dfd9540df808658242a786f4ef2eb135 (Caused by NameResolutionError("<urllib3.connection.HTTPConnection object at 0x745b9141a690>: Failed to resolve 'api.olhovivo.sptrans.com.br' ([Errno -2] Name or service not known)"))
2025-08-14 05:12:31,249 - ERROR - Não foi possível autenticar na API. Abortando ciclo.
2025-08-14 05:42:31,683 - INFO - Iniciando novo ciclo de coleta de dados...
2025-08-14 05:42:31,807 - INFO - Autenticado com sucesso!
2025-08-14 05:42:32,317 - INFO - Dados salvos com sucesso em data/collected/posicoes_onibus_2025-08-14_05-42-32.json
2025-08-14 06:12:32,731 - INFO - Iniciando novo ciclo de coleta de dados...
2025-08-14 06:12:32,913 - INFO - Autenticado com sucesso!
2025-08-14 06:12:33,461 - INFO - Dados salvos com sucesso em data/collected/posicoes_onibus_2025-08-14_06-12-33.json
2025-08-14 06:42:33,858 - INFO - Iniciando novo ciclo de coleta de dados...
2025-08-14 06:42:34,338 - INFO - Autenticado com sucesso!
2025-08-14 06:42:34,929 - INFO - Dados salvos com sucesso em data/collected/posicoes_onibus_2025-08-14_06-42-34.json
2025-08-14 07:12:35,361 - INFO - Iniciando novo ciclo de coleta de dados...
2025-08-14 07:12:35,571 - INFO - Autenticado com sucesso!
2025-08-14 07:12:36,143 - INFO - Dados salvos com sucesso em data/collected/posicoes_onibus_2025-08-14_07-12-36.json
2025-08-14 07:42:36,580 - INFO - Iniciando novo ciclo de coleta de dados...
2025-08-14 07:42:36,858 - INFO - Autenticado com sucesso!
2025-08-14 07:42:37,503 - INFO - Dados salvos com sucesso em data/collected/posicoes_onibus_2025-08-14_07-42-37.json
2025-08-14 08:12:37,926 - INFO - Iniciando novo ciclo de coleta de dados...
2025-08-14 08:12:38,124 - INFO - Autenticado com sucesso!
2025-08-14 08:12:38,793 - INFO - Dados salvos com sucesso em data/collected/posicoes_onibus_2025-08-14_08-12-38.json
2025-08-14 08:42:39,222 - INFO - Iniciando novo ciclo de coleta de dados...
2025-08-14 08:42:39,386 - INFO - Autenticado com sucesso!
2025-08-14 08:42:40,010 - INFO - Dados salvos com sucesso em data/collected/posicoes_onibus_2025-08-14_08-42-39.json
2025-08-14 09:12:40,445 - INFO - Iniciando novo ciclo de coleta de dados...
2025-08-14 09:12:40,633 - INFO - Autenticado com sucesso!
2025-08-14 09:12:40,733 - WARNING - Nenhum dado de posição foi coletado neste ciclo.
2025-08-14 09:42:41,152 - INFO - Iniciando novo ciclo de coleta de dados...
2025-08-14 09:42:41,328 - INFO - Autenticado com sucesso!
2025-08-14 09:42:42,045 - INFO - Dados salvos com sucesso em data/collected/posicoes_onibus_2025-08-14_09-42-41.json
2025-08-14 10:12:42,477 - INFO - Iniciando novo ciclo de coleta de dados...
2025-08-14 10:12:42,816 - INFO - Autenticado com sucesso!
2025-08-14 10:12:43,741 - INFO - Dados salvos com sucesso em data/collected/posicoes_onibus_2025-08-14_10-12-43.json
2025-08-14 10:42:44,164 - INFO - Iniciando novo ciclo de coleta de dados...
2025-08-14 10:42:44,361 - INFO - Autenticado com sucesso!
2025-08-14 10:42:45,021 - INFO - Dados salvos com sucesso em data/collected/posicoes_onibus_2025-08-14_10-42-44.json
2025-08-14 11:12:45,456 - INFO - Iniciando novo ciclo de coleta de dados...
2025-08-14 11:12:46,825 - INFO - Autenticado com sucesso!
2025-08-14 11:12:47,580 - INFO - Dados salvos com sucesso em data/collected/posicoes_onibus_2025-08-14_11-12-47.json
2025-08-14 11:42:47,999 - INFO - Iniciando novo ciclo de coleta de dados...
2025-08-14 11:42:48,248 - INFO - Autenticado com sucesso!
2025-08-14 11:42:49,196 - INFO - Dados salvos com sucesso em data/collected/posicoes_onibus_2025-08-14_11-42-49.json
2025-08-14 12:12:49,615 - INFO - Iniciando novo ciclo de coleta de dados...
2025-08-14 12:12:50,055 - INFO - Autenticado com sucesso!
2025-08-14 12:12:51,068 - INFO - Dados salvos com sucesso em data/collected/posicoes_onibus_2025-08-14_12-12-50.json
2025-08-14 12:42:51,502 - INFO - Iniciando novo ciclo de coleta de dados...
2025-08-14 12:42:51,724 - INFO - Autenticado com sucesso!
2025-08-14 12:42:52,454 - INFO - Dados salvos com sucesso em data/collected/posicoes_onibus_2025-08-14_12-42-52.json
2025-08-14 13:12:52,873 - INFO - Iniciando novo ciclo de coleta de dados...
2025-08-14 13:12:53,388 - INFO - Autenticado com sucesso!
2025-08-14 13:12:54,147 - INFO - Dados salvos com sucesso em data/collected/posicoes_onibus_2025-08-14_13-12-54.json
2025-08-14 13:42:54,577 - INFO - Iniciando novo ciclo de coleta de dados...
2025-08-14 13:42:54,765 - INFO - Autenticado com sucesso!
2025-08-14 13:42:55,358 - INFO - Dados salvos com sucesso em data/collected/posicoes_onibus_2025-08-14_13-42-55.json
2025-08-14 14:12:55,790 - INFO - Iniciando novo ciclo de coleta de dados...
2025-08-14 14:12:56,678 - INFO - Autenticado com sucesso!
2025-08-14 14:12:57,598 - INFO - Dados salvos com sucesso em data/collected/posicoes_onibus_2025-08-14_14-12-57.json
2025-08-14 14:42:58,027 - INFO - Iniciando novo ciclo de coleta de dados...
2025-08-14 14:42:58,914 - INFO - Autenticado com sucesso!
2025-08-14 14:43:00,488 - INFO - Dados salvos com sucesso em data/collected/posicoes_onibus_2025-08-14_14-43-00.json
2025-08-14 15:13:00,911 - INFO - Iniciando novo ciclo de coleta de dados...
2025-08-14 15:13:01,105 - INFO - Autenticado com sucesso!
2025-08-14 15:13:01,702 - INFO - Dados salvos com sucesso em data/collected/posicoes_onibus_2025-08-14_15-13-01.json
2025-08-14 15:43:02,125 - INFO - Iniciando novo ciclo de coleta de dados...
2025-08-14 15:43:02,939 - INFO - Autenticado com sucesso!
2025-08-14 15:43:03,555 - INFO - Dados salvos com sucesso em data/collected/posicoes_onibus_2025-08-14_15-43-03.json
2025-08-14 16:13:03,976 - INFO - Iniciando novo ciclo de coleta de dados...
2025-08-14 16:13:04,523 - INFO - Autenticado com sucesso!
2025-08-14 16:13:05,422 - INFO - Dados salvos com sucesso em data/collected/posicoes_onibus_2025-08-14_16-13-05.json
2025-08-14 16:43:05,834 - INFO - Iniciando novo ciclo de coleta de dados...
2025-08-14 16:43:06,602 - INFO - Autenticado com sucesso!
2025-08-14 16:43:07,552 - INFO - Dados salvos com sucesso em data/collected/posicoes_onibus_2025-08-14_16-43-07.json
2025-08-14 17:13:07,982 - INFO - Iniciando novo ciclo de coleta de dados...
2025-08-14 17:13:08,439 - INFO - Autenticado com sucesso!
2025-08-14 17:13:09,465 - INFO - Dados salvos com sucesso em data/collected/posicoes_onibus_2025-08-14_17-13-09.json
2025-08-14 17:43:09,881 - INFO - Iniciando novo ciclo de coleta de dados...
2025-08-14 17:43:10,423 - INFO - Autenticado com sucesso!
2025-08-14 17:43:11,204 - INFO - Dados salvos com sucesso em data/collected/posicoes_onibus_2025-08-14_17-43-11.json
2025-08-14 18:13:11,631 - INFO - Iniciando novo ciclo de coleta de dados...
2025-08-14 18:13:12,469 - INFO - Autenticado com sucesso!
2025-08-14 18:13:13,848 - INFO - Dados salvos com sucesso em data/collected/posicoes_onibus_2025-08-14_18-13-13.json
2025-08-14 18:43:14,284 - INFO - Iniciando novo ciclo de coleta de dados...
2025-08-14 18:43:15,083 - INFO - Autenticado com sucesso!
2025-08-14 18:43:15,871 - INFO - Dados salvos com sucesso em data/collected/posicoes_onibus_2025-08-14_18-43-15.json
2025-08-14 19:13:16,292 - INFO - Iniciando novo ciclo de coleta de dados...
2025-08-14 19:13:16,468 - INFO - Autenticado com sucesso!
2025-08-14 19:13:17,046 - INFO - Dados salvos com sucesso em data/collected/posicoes_onibus_2025-08-14_19-13-16.json
2025-08-14 19:43:17,463 - INFO - Iniciando novo ciclo de coleta de dados...
2025-08-14 19:43:17,754 - INFO - Autenticado com sucesso!
2025-08-14 19:43:18,408 - INFO - Dados salvos com sucesso em data/collected/posicoes_onibus_2025-08-14_19-43-18.json
2025-08-14 20:13:18,792 - INFO - Iniciando novo ciclo de coleta de dados...
2025-08-14 20:13:19,251 - INFO - Autenticado com sucesso!
2025-08-14 20:13:20,018 - INFO - Dados salvos com sucesso em data/collected/posicoes_onibus_2025-08-14_20-13-19.json
2025-08-14 20:43:20,394 - INFO - Iniciando novo ciclo de coleta de dados...
2025-08-14 20:43:20,587 - INFO - Autenticado com sucesso!
2025-08-14 20:43:21,279 - INFO - Dados salvos com sucesso em data/collected/posicoes_onibus_2025-08-14_20-43-21.json
2025-08-14 21:13:21,678 - INFO - Iniciando novo ciclo de coleta de dados...
2025-08-14 21:13:21,942 - INFO - Autenticado com sucesso!
2025-08-14 21:13:22,650 - INFO - Dados salvos com sucesso em data/collected/posicoes_onibus_2025-08-14_21-13-22.json
2025-08-14 21:43:23,085 - INFO - Iniciando novo ciclo de coleta de dados...
2025-08-14 21:43:23,434 - INFO - Autenticado com sucesso!
2025-08-14 21:43:24,097 - INFO - Dados salvos com sucesso em data/collected/posicoes_onibus_2025-08-14_21-43-23.json
2025-08-14 22:13:24,537 - INFO - Iniciando novo ciclo de coleta de dados...
2025-08-14 22:13:31,542 - INFO - Autenticado com sucesso!
2025-08-14 22:13:32,038 - INFO - Dados salvos com sucesso em data/collected/posicoes_onibus_2025-08-14_22-13-31.json
2025-08-14 22:43:32,470 - INFO - Iniciando novo ciclo de coleta de dados...
2025-08-14 22:43:32,678 - INFO - Autenticado com sucesso!
2025-08-14 22:43:33,221 - INFO - Dados salvos com sucesso em data/collected/posicoes_onibus_2025-08-14_22-43-33.json
2025-08-14 23:13:33,644 - INFO - Fora do horário de coleta (23:13:33.644524). Pulando execução.
2025-08-14 23:43:34,087 - INFO - Fora do horário de coleta (23:43:34.087596). Pulando execução.
2025-08-15 00:13:34,523 - INFO - Fora do horário de coleta (00:13:34.522953). Pulando execução.
2025-08-15 00:33:48,994 - INFO - Serviço de coleta de dados da SPTrans iniciado.
2025-08-15 00:33:48,994 - INFO - Coleta agendada para verificação a cada 30 minutos.
2025-08-15 01:03:49,424 - INFO - Fora do horário de coleta (01:03:49.424531). Pulando execução.
2025-08-15 01:33:49,848 - INFO - Fora do horário de coleta (01:33:49.848428). Pulando execução.
2025-08-15 02:03:50,284 - INFO - Fora do horário de coleta (02:03:50.283967). Pulando execução.
2025-08-15 02:33:50,708 - INFO - Fora do horário de coleta (02:33:50.708392). Pulando execução.
2025-08-15 03:03:51,139 - INFO - Fora do horário de coleta (03:03:51.138950). Pulando execução.
2025-08-15 03:33:51,563 - INFO - Fora do horário de coleta (03:33:51.563250). Pulando execução.
2025-08-15 04:03:52,504 - INFO - Fora do horário de coleta (04:03:52.504778). Pulando execução.
2025-08-15 04:33:52,944 - INFO - Fora do horário de coleta (04:33:52.944665). Pulando execução.
2025-08-15 05:03:53,370 - INFO - Iniciando novo ciclo de coleta de dados...
2025-08-15 05:03:53,551 - INFO - Autenticado com sucesso!
2025-08-15 05:03:54,036 - INFO - Dados salvos com sucesso em data/collected/posicoes_onibus_2025-08-15_05-03-53.json
2025-08-15 05:33:54,453 - INFO - Iniciando novo ciclo de coleta de dados...
2025-08-15 05:34:14,481 - ERROR - Erro de conexão durante a autenticação: HTTPConnectionPool(host='api.olhovivo.sptrans.com.br', port=80): Max retries exceeded with url: /v2.1/Login/Autenticar?token=90c7e5fa56797122daf7e57875e6d5a5dfd9540df808658242a786f4ef2eb135 (Caused by NameResolutionError("<urllib3.connection.HTTPConnection object at 0x71eee7032850>: Failed to resolve 'api.olhovivo.sptrans.com.br' ([Errno -2] Name or service not known)"))
2025-08-15 05:34:14,482 - ERROR - Não foi possível autenticar na API. Abortando ciclo.
2025-08-15 06:04:14,910 - INFO - Iniciando novo ciclo de coleta de dados...
2025-08-15 06:04:15,335 - INFO - Autenticado com sucesso!
2025-08-15 06:04:15,437 - WARNING - Nenhum dado de posição foi coletado neste ciclo.
2025-08-15 06:34:15,860 - INFO - Iniciando novo ciclo de coleta de dados...
2025-08-15 06:34:16,281 - INFO - Autenticado com sucesso!
2025-08-15 06:34:16,903 - INFO - Dados salvos com sucesso em data/collected/posicoes_onibus_2025-08-15_06-34-16.json
2025-08-15 07:04:17,339 - INFO - Iniciando novo ciclo de coleta de dados...
2025-08-15 07:04:17,521 - INFO - Autenticado com sucesso!
2025-08-15 07:04:18,486 - INFO - Dados salvos com sucesso em data/collected/posicoes_onibus_2025-08-15_07-04-18.json
2025-08-15 07:34:18,918 - INFO - Iniciando novo ciclo de coleta de dados...
2025-08-15 07:34:19,507 - INFO - Autenticado com sucesso!
2025-08-15 07:34:20,146 - INFO - Dados salvos com sucesso em data/collected/posicoes_onibus_2025-08-15_07-34-19.json
2025-08-15 08:04:20,572 - INFO - Iniciando novo ciclo de coleta de dados...
2025-08-15 08:04:21,147 - INFO - Autenticado com sucesso!
2025-08-15 08:04:22,144 - INFO - Dados salvos com sucesso em data/collected/posicoes_onibus_2025-08-15_08-04-21.json
2025-08-15 08:34:22,536 - INFO - Iniciando novo ciclo de coleta de dados...
2025-08-15 08:34:22,940 - INFO - Autenticado com sucesso!
2025-08-15 08:34:23,929 - INFO - Dados salvos com sucesso em data/collected/posicoes_onibus_2025-08-15_08-34-23.json
2025-08-15 09:01:02,008 - INFO - Serviço de coleta de POSIÇÕES da SPTrans iniciado.
2025-08-15 09:01:02,008 - INFO - Coleta de posições agendada para verificação a cada 30 minutos.
2025-08-15 09:01:02,008 - INFO - Executando um ciclo de coleta inicial para teste...
2025-08-15 09:01:02,009 - INFO - Iniciando novo ciclo de coleta de POSIÇÕES...
2025-08-15 09:01:02,929 - INFO - 7743 novos registros de POSIÇÃO foram salvos no banco de dados.
2025-08-15 09:04:24,332 - INFO - Iniciando novo ciclo de coleta de dados...
2025-08-15 09:04:24,635 - INFO - Autenticado com sucesso!
2025-08-15 09:04:25,675 - INFO - Dados salvos com sucesso em data/collected/posicoes_onibus_2025-08-15_09-04-25.json
2025-08-15 09:13:35,645 - INFO - Serviço de coleta de POSIÇÕES da SPTrans iniciado.
2025-08-15 09:13:35,645 - INFO - Coleta de posições agendada para verificação a cada 30 minutos.
2025-08-15 09:13:35,646 - INFO - Executando um ciclo de coleta inicial para teste...
2025-08-15 09:13:35,646 - INFO - Iniciando novo ciclo de coleta de POSIÇÕES...
2025-08-15 09:13:36,729 - INFO - 7695 novos registros de POSIÇÃO foram salvos no banco de dados.
2025-08-15 09:34:26,084 - INFO - Iniciando novo ciclo de coleta de dados...
2025-08-15 09:34:26,266 - INFO - Autenticado com sucesso!
2025-08-15 09:34:27,262 - INFO - Dados salvos com sucesso em data/collected/posicoes_onibus_2025-08-15_09-34-27.json
2025-08-15 09:43:36,158 - INFO - Iniciando novo ciclo de coleta de POSIÇÕES...
2025-08-15 09:43:37,388 - INFO - 7522 novos registros de POSIÇÃO foram salvos no banco de dados.
2025-08-15 10:04:27,678 - INFO - Iniciando novo ciclo de coleta de dados...
2025-08-15 10:04:27,852 - INFO - Autenticado com sucesso!
2025-08-15 10:04:28,471 - INFO - Dados salvos com sucesso em data/collected/posicoes_onibus_2025-08-15_10-04-28.json
2025-08-15 10:13:37,808 - INFO - Iniciando novo ciclo de coleta de POSIÇÕES...
2025-08-15 10:13:39,482 - INFO - 7363 novos registros de POSIÇÃO foram salvos no banco de dados.
2025-08-15 10:34:28,894 - INFO - Iniciando novo ciclo de coleta de dados...
2025-08-15 10:34:29,602 - INFO - Autenticado com sucesso!
2025-08-15 10:34:30,295 - INFO - Dados salvos com sucesso em data/collected/posicoes_onibus_2025-08-15_10-34-30.json
2025-08-15 10:43:39,902 - INFO - Iniciando novo ciclo de coleta de POSIÇÕES...
2025-08-15 10:43:40,993 - INFO - 7226 novos registros de POSIÇÃO foram salvos no banco de dados.
2025-08-15 11:04:30,713 - INFO - Iniciando novo ciclo de coleta de dados...
2025-08-15 11:04:31,073 - INFO - Autenticado com sucesso!
2025-08-15 11:04:31,963 - INFO - Dados salvos com sucesso em data/collected/posicoes_onibus_2025-08-15_11-04-31.json
2025-08-15 11:13:41,405 - INFO - Iniciando novo ciclo de coleta de POSIÇÕES...
2025-08-15 11:13:44,670 - INFO - 7126 novos registros de POSIÇÃO foram salvos no banco de dados.
2025-08-15 11:34:32,381 - INFO - Iniciando novo ciclo de coleta de dados...
2025-08-15 11:34:33,324 - INFO - Autenticado com sucesso!
2025-08-15 11:34:34,288 - INFO - Dados salvos com sucesso em data/collected/posicoes_onibus_2025-08-15_11-34-34.json
2025-08-15 11:43:45,078 - INFO - Iniciando novo ciclo de coleta de POSIÇÕES...
2025-08-15 11:43:45,841 - WARNING - Nenhum dado de posição foi coletado neste ciclo.
2025-08-15 12:04:34,699 - INFO - Iniciando novo ciclo de coleta de dados...
2025-08-15 12:04:44,970 - INFO - Autenticado com sucesso!
2025-08-15 12:04:45,722 - INFO - Dados salvos com sucesso em data/collected/posicoes_onibus_2025-08-15_12-04-45.json
2025-08-15 12:13:46,255 - INFO - Iniciando novo ciclo de coleta de POSIÇÕES...
2025-08-15 12:13:46,922 - INFO - 6880 novos registros de POSIÇÃO foram salvos no banco de dados.
2025-08-15 12:34:46,137 - INFO - Iniciando novo ciclo de coleta de dados...
2025-08-15 12:34:46,632 - INFO - Autenticado com sucesso!
2025-08-15 12:34:47,410 - INFO - Dados salvos com sucesso em data/collected/posicoes_onibus_2025-08-15_12-34-47.json
2025-08-15 12:43:47,338 - INFO - Iniciando novo ciclo de coleta de POSIÇÕES...
2025-08-15 12:43:48,267 - INFO - 6791 novos registros de POSIÇÃO foram salvos no banco de dados.
2025-08-15 13:04:47,832 - INFO - Iniciando novo ciclo de coleta de dados...
2025-08-15 13:04:48,437 - INFO - Autenticado com sucesso!
2025-08-15 13:04:49,070 - INFO - Dados salvos com sucesso em data/collected/posicoes_onibus_2025-08-15_13-04-48.json
2025-08-15 13:13:48,681 - INFO - Iniciando novo ciclo de coleta de POSIÇÕES...
2025-08-15 13:13:49,654 - INFO - 6744 novos registros de POSIÇÃO foram salvos no banco de dados.
2025-08-15 13:34:49,487 - INFO - Iniciando novo ciclo de coleta de dados...
2025-08-15 13:34:49,701 - INFO - Autenticado com sucesso!
2025-08-15 13:34:50,493 - INFO - Dados salvos com sucesso em data/collected/posicoes_onibus_2025-08-15_13-34-50.json
2025-08-15 13:43:50,074 - INFO - Iniciando novo ciclo de coleta de POSIÇÕES...
2025-08-15 13:43:51,304 - INFO - 6769 novos registros de POSIÇÃO foram salvos no banco de dados.
2025-08-15 14:04:50,913 - INFO - Iniciando novo ciclo de coleta de dados...
2025-08-15 14:04:52,134 - INFO - Autenticado com sucesso!
2025-08-15 14:04:54,146 - INFO - Dados salvos com sucesso em data/collected/posicoes_onibus_2025-08-15_14-04-54.json
2025-08-15 14:13:51,720 - INFO - Iniciando novo ciclo de coleta de POSIÇÕES...
2025-08-15 14:13:52,654 - INFO - 6734 novos registros de POSIÇÃO foram salvos no banco de dados.
2025-08-15 14:34:54,556 - INFO - Iniciando novo ciclo de coleta de dados...
2025-08-15 14:34:54,856 - INFO - Autenticado com sucesso!
2025-08-15 14:34:55,902 - INFO - Dados salvos com sucesso em data/collected/posicoes_onibus_2025-08-15_14-34-55.json
2025-08-15 14:43:53,063 - INFO - Iniciando novo ciclo de coleta de POSIÇÕES...
2025-08-15 14:43:53,938 - INFO - 6734 novos registros de POSIÇÃO foram salvos no banco de dados.
2025-08-15 15:04:56,309 - INFO - Iniciando novo ciclo de coleta de dados...
2025-08-15 15:04:56,869 - INFO - Autenticado com sucesso!
2025-08-15 15:04:57,734 - INFO - Dados salvos com sucesso em data/collected/posicoes_onibus_2025-08-15_15-04-57.json
2025-08-15 15:13:54,356 - INFO - Iniciando novo ciclo de coleta de POSIÇÕES...
2025-08-15 15:13:55,644 - INFO - 6777 novos registros de POSIÇÃO foram salvos no banco de dados.
2025-08-15 15:34:58,150 - INFO - Iniciando novo ciclo de coleta de dados...
2025-08-15 15:34:58,433 - INFO - Autenticado com sucesso!
2025-08-15 15:34:59,203 - INFO - Dados salvos com sucesso em data/collected/posicoes_onibus_2025-08-15_15-34-59.json
2025-08-15 15:43:56,065 - INFO - Iniciando novo ciclo de coleta de POSIÇÕES...
2025-08-15 15:43:57,161 - INFO - 6930 novos registros de POSIÇÃO foram salvos no banco de dados.
2025-08-15 16:04:59,604 - INFO - Iniciando novo ciclo de coleta de dados...
2025-08-15 16:04:59,859 - INFO - Autenticado com sucesso!
2025-08-15 16:05:00,475 - INFO - Dados salvos com sucesso em data/collected/posicoes_onibus_2025-08-15_16-05-00.json
2025-08-15 16:13:57,572 - INFO - Iniciando novo ciclo de coleta de POSIÇÕES...
2025-08-15 16:13:59,028 - INFO - 7110 novos registros de POSIÇÃO foram salvos no banco de dados.
2025-08-15 16:35:00,899 - INFO - Iniciando novo ciclo de coleta de dados...
2025-08-15 16:35:01,527 - INFO - Autenticado com sucesso!
2025-08-15 16:35:02,778 - INFO - Dados salvos com sucesso em data/collected/posicoes_onibus_2025-08-15_16-35-02.json
2025-08-15 16:43:59,434 - INFO - Iniciando novo ciclo de coleta de POSIÇÕES...
2025-08-15 16:44:00,354 - INFO - 7349 novos registros de POSIÇÃO foram salvos no banco de dados.
2025-08-15 17:05:03,201 - INFO - Iniciando novo ciclo de coleta de dados...
2025-08-15 17:05:03,652 - INFO - Autenticado com sucesso!
2025-08-15 17:05:04,616 - INFO - Dados salvos com sucesso em data/collected/posicoes_onibus_2025-08-15_17-05-04.json
2025-08-15 17:14:00,788 - INFO - Iniciando novo ciclo de coleta de POSIÇÕES...
2025-08-15 17:14:02,406 - INFO - 7559 novos registros de POSIÇÃO foram salvos no banco de dados.
2025-08-15 17:35:05,039 - INFO - Iniciando novo ciclo de coleta de dados...
2025-08-15 17:35:05,613 - INFO - Autenticado com sucesso!
2025-08-15 17:35:06,343 - INFO - Dados salvos com sucesso em data/collected/posicoes_onibus_2025-08-15_17-35-06.json
2025-08-15 17:44:02,820 - INFO - Iniciando novo ciclo de coleta de POSIÇÕES...
2025-08-15 17:44:03,742 - INFO - 7698 novos registros de POSIÇÃO foram salvos no banco de dados.
2025-08-15 18:05:06,758 - INFO - Iniciando novo ciclo de coleta de dados...
2025-08-15 18:05:07,134 - INFO - Autenticado com sucesso!
2025-08-15 18:05:08,160 - INFO - Dados salvos com sucesso em data/collected/posicoes_onibus_2025-08-15_18-05-08.json
2025-08-15 18:14:04,155 - INFO - Iniciando novo ciclo de coleta de POSIÇÕES...
2025-08-15 18:14:06,298 - INFO - 7677 novos registros de POSIÇÃO foram salvos no banco de dados.
2025-08-15 18:35:08,573 - INFO - Iniciando novo ciclo de coleta de dados...
2025-08-15 18:35:09,396 - INFO - Autenticado com sucesso!
2025-08-15 18:35:10,467 - INFO - Dados salvos com sucesso em data/collected/posicoes_onibus_2025-08-15_18-35-10.json
2025-08-15 18:44:06,714 - INFO - Iniciando novo ciclo de coleta de POSIÇÕES...
2025-08-15 18:44:08,296 - INFO - 7599 novos registros de POSIÇÃO foram salvos no banco de dados.
2025-08-15 19:05:10,893 - INFO - Iniciando novo ciclo de coleta de dados...
2025-08-15 19:05:11,475 - INFO - Autenticado com sucesso!
2025-08-15 19:05:12,301 - INFO - Dados salvos com sucesso em data/collected/posicoes_onibus_2025-08-15_19-05-12.json
2025-08-15 19:14:08,712 - INFO - Iniciando novo ciclo de coleta de POSIÇÕES...
2025-08-15 19:14:09,425 - INFO - 7473 novos registros de POSIÇÃO foram salvos no banco de dados.
2025-08-15 19:35:12,713 - INFO - Iniciando novo ciclo de coleta de dados...
2025-08-15 19:35:12,899 - INFO - Autenticado com sucesso!
2025-08-15 19:35:13,612 - INFO - Dados salvos com sucesso em data/collected/posicoes_onibus_2025-08-15_19-35-13.json
2025-08-15 19:44:09,837 - INFO - Iniciando novo ciclo de coleta de POSIÇÕES...
2025-08-15 19:44:10,949 - INFO - 7256 novos registros de POSIÇÃO foram salvos no banco de dados.
2025-08-15 20:05:14,035 - INFO - Iniciando novo ciclo de coleta de dados...
2025-08-15 20:05:14,476 - INFO - Autenticado com sucesso!
2025-08-15 20:05:15,337 - INFO - Dados salvos com sucesso em data/collected/posicoes_onibus_2025-08-15_20-05-15.json
2025-08-15 20:14:11,366 - INFO - Iniciando novo ciclo de coleta de POSIÇÕES...
2025-08-15 20:14:12,187 - INFO - 6985 novos registros de POSIÇÃO foram salvos no banco de dados.
2025-08-15 20:35:15,749 - INFO - Iniciando novo ciclo de coleta de dados...
2025-08-15 20:35:15,969 - INFO - Autenticado com sucesso!
2025-08-15 20:35:16,699 - INFO - Dados salvos com sucesso em data/collected/posicoes_onibus_2025-08-15_20-35-16.json
2025-08-15 20:44:12,592 - INFO - Iniciando novo ciclo de coleta de POSIÇÕES...
2025-08-15 20:44:13,673 - INFO - 6678 novos registros de POSIÇÃO foram salvos no banco de dados.
2025-08-15 21:05:17,090 - INFO - Iniciando novo ciclo de coleta de dados...
2025-08-15 21:05:17,574 - INFO - Autenticado com sucesso!
2025-08-15 21:05:18,263 - INFO - Dados salvos com sucesso em data/collected/posicoes_onibus_2025-08-15_21-05-18.json
2025-08-15 21:14:14,070 - INFO - Iniciando novo ciclo de coleta de POSIÇÕES...
2025-08-15 21:14:15,083 - INFO - 6246 novos registros de POSIÇÃO foram salvos no banco de dados.
2025-08-15 21:35:18,684 - INFO - Iniciando novo ciclo de coleta de dados...
2025-08-15 21:35:18,909 - INFO - Autenticado com sucesso!
2025-08-15 21:35:19,645 - INFO - Dados salvos com sucesso em data/collected/posicoes_onibus_2025-08-15_21-35-19.json
2025-08-15 21:44:15,500 - INFO - Iniciando novo ciclo de coleta de POSIÇÕES...
2025-08-15 21:44:16,172 - INFO - 5768 novos registros de POSIÇÃO foram salvos no banco de dados.
2025-08-15 21:45:12,146 - INFO - Serviço de coleta de POSIÇÕES da SPTrans iniciado.
2025-08-15 21:45:12,146 - INFO - Coleta de posições agendada para verificação a cada 30 minutos.
2025-08-15 21:45:12,147 - INFO - Executando um ciclo de coleta inicial para teste...
2025-08-15 21:45:12,147 - INFO - Iniciando novo ciclo de coleta de POSIÇÕES...
2025-08-15 21:45:12,803 - INFO - 5746 novos registros de POSIÇÃO foram salvos no banco de dados.
2025-08-15 22:07:03,495 - INFO - Serviço de coleta de POSIÇÕES da SPTrans (com filtro) iniciado.
2025-08-15 22:07:03,511 - INFO - 8 letreiros de linha alvo carregados para filtragem.
2025-08-15 22:07:03,512 - INFO - Coleta de posições agendada para verificação a cada 30 minutos.
2025-08-15 22:07:03,512 - INFO - Executando um ciclo de coleta inicial para teste...
2025-08-15 22:07:03,513 - INFO - Iniciando novo ciclo de coleta de POSIÇÕES com filtro inteligente...
2025-08-15 22:07:05,385 - INFO - API retornou 5337 veículos. Após o filtro, 97 serão salvos.
2025-08-15 22:07:05,403 - INFO - 97 novos registros de POSIÇÃO foram salvos no banco de dados.
2025-08-15 22:11:01,479 - INFO - Serviço de coleta de POSIÇÕES da SPTrans (com filtro) iniciado.
2025-08-15 22:11:01,488 - INFO - 8 letreiros de linha alvo carregados para filtragem.
2025-08-15 22:11:01,488 - INFO - Coleta de posições agendada para verificação a cada 30 minutos.
2025-08-15 22:11:01,488 - INFO - Executando um ciclo de coleta inicial para teste...
2025-08-15 22:11:01,488 - INFO - Iniciando novo ciclo de coleta de POSIÇÕES com filtro inteligente...
2025-08-15 22:11:02,039 - INFO - API retornou 5242 veículos. Após o filtro, 98 serão salvos.
2025-08-15 22:11:02,057 - INFO - 98 novos registros de POSIÇÃO foram salvos no banco de dados.
2025-08-15 22:41:01,505 - INFO - Iniciando novo ciclo de coleta de POSIÇÕES com filtro inteligente...
2025-08-15 22:41:02,251 - INFO - API retornou 4767 veículos. Após o filtro, 88 serão salvos.
2025-08-15 22:41:02,264 - INFO - 88 novos registros de POSIÇÃO foram salvos no banco de dados.
2025-08-15 23:11:02,690 - INFO - Fora do horário de coleta (23:11:02.690379). Pulando execução.
2025-08-15 23:41:03,119 - INFO - Fora do horário de coleta (23:41:03.119261). Pulando execução.
2025-08-16 00:11:03,540 - INFO - Fora do horário de coleta (00:11:03.540305). Pulando execução.
2025-08-16 00:41:03,976 - INFO - Fora do horário de coleta (00:41:03.976263). Pulando execução.
2025-08-16 01:11:04,401 - INFO - Fora do horário de coleta (01:11:04.401430). Pulando execução.
2025-08-16 01:41:04,840 - INFO - Fora do horário de coleta (01:41:04.840116). Pulando execução.
2025-08-16 02:11:05,269 - INFO - Fora do horário de coleta (02:11:05.269169). Pulando execução.
2025-08-16 02:41:05,698 - INFO - Fora do horário de coleta (02:41:05.698655). Pulando execução.
2025-08-16 03:11:06,134 - INFO - Fora do horário de coleta (03:11:06.134286). Pulando execução.
2025-08-16 03:41:06,566 - INFO - Fora do horário de coleta (03:41:06.566438). Pulando execução.
2025-08-16 04:11:07,007 - INFO - Fora do horário de coleta (04:11:07.007731). Pulando execução.
2025-08-16 04:41:07,430 - INFO - Fora do horário de coleta (04:41:07.430918). Pulando execução.
2025-08-16 05:11:07,869 - INFO - Iniciando novo ciclo de coleta de POSIÇÕES com filtro inteligente...
2025-08-16 05:11:08,341 - INFO - API retornou 2702 veículos. Após o filtro, 47 serão salvos.
2025-08-16 05:11:08,354 - INFO - 47 novos registros de POSIÇÃO foram salvos no banco de dados.
2025-08-16 05:41:08,791 - INFO - Iniciando novo ciclo de coleta de POSIÇÕES com filtro inteligente...
2025-08-16 05:41:09,963 - INFO - API retornou 3310 veículos. Após o filtro, 60 serão salvos.
2025-08-16 05:41:09,975 - INFO - 60 novos registros de POSIÇÃO foram salvos no banco de dados.
2025-08-16 06:11:10,423 - INFO - Iniciando novo ciclo de coleta de POSIÇÕES com filtro inteligente...
2025-08-16 06:11:10,954 - INFO - API retornou 3822 veículos. Após o filtro, 76 serão salvos.
2025-08-16 06:11:10,966 - INFO - 76 novos registros de POSIÇÃO foram salvos no banco de dados.
2025-08-16 06:41:11,379 - INFO - Iniciando novo ciclo de coleta de POSIÇÕES com filtro inteligente...
2025-08-16 06:41:12,163 - INFO - API retornou 4154 veículos. Após o filtro, 80 serão salvos.
2025-08-16 06:41:12,173 - INFO - 80 novos registros de POSIÇÃO foram salvos no banco de dados.
2025-08-16 07:11:12,584 - INFO - Iniciando novo ciclo de coleta de POSIÇÕES com filtro inteligente...
2025-08-16 07:11:13,759 - INFO - API retornou 4429 veículos. Após o filtro, 89 serão salvos.
2025-08-16 07:11:13,771 - INFO - 89 novos registros de POSIÇÃO foram salvos no banco de dados.
2025-08-16 07:41:14,216 - INFO - Iniciando novo ciclo de coleta de POSIÇÕES com filtro inteligente...
2025-08-16 07:41:15,523 - INFO - API retornou 4675 veículos. Após o filtro, 93 serão salvos.
2025-08-16 07:41:15,537 - INFO - 93 novos registros de POSIÇÃO foram salvos no banco de dados.
2025-08-16 08:11:15,970 - INFO - Iniciando novo ciclo de coleta de POSIÇÕES com filtro inteligente...
2025-08-16 08:11:16,986 - INFO - API retornou 4789 veículos. Após o filtro, 89 serão salvos.
2025-08-16 08:11:16,998 - INFO - 89 novos registros de POSIÇÃO foram salvos no banco de dados.
2025-08-16 08:41:17,435 - INFO - Iniciando novo ciclo de coleta de POSIÇÕES com filtro inteligente...
2025-08-16 08:41:18,013 - INFO - API retornou 4904 veículos. Após o filtro, 89 serão salvos.
2025-08-16 08:41:18,025 - INFO - 89 novos registros de POSIÇÃO foram salvos no banco de dados.
2025-08-16 09:11:18,464 - INFO - Iniciando novo ciclo de coleta de POSIÇÕES com filtro inteligente...
2025-08-16 09:11:19,046 - INFO - API retornou 4881 veículos. Após o filtro, 88 serão salvos.
2025-08-16 09:11:19,056 - INFO - 88 novos registros de POSIÇÃO foram salvos no banco de dados.
2025-08-16 09:41:19,487 - INFO - Iniciando novo ciclo de coleta de POSIÇÕES com filtro inteligente...
2025-08-16 09:41:20,250 - INFO - API retornou 4860 veículos. Após o filtro, 93 serão salvos.
2025-08-16 09:41:20,261 - INFO - 93 novos registros de POSIÇÃO foram salvos no banco de dados.
2025-08-16 10:11:20,702 - INFO - Iniciando novo ciclo de coleta de POSIÇÕES com filtro inteligente...
2025-08-16 10:11:21,476 - INFO - API retornou 4909 veículos. Após o filtro, 93 serão salvos.
2025-08-16 10:11:21,489 - INFO - 93 novos registros de POSIÇÃO foram salvos no banco de dados.
2025-08-16 10:41:21,935 - INFO - Iniciando novo ciclo de coleta de POSIÇÕES com filtro inteligente...
2025-08-16 10:41:22,545 - INFO - API retornou 4860 veículos. Após o filtro, 92 serão salvos.
2025-08-16 10:41:22,558 - INFO - 92 novos registros de POSIÇÃO foram salvos no banco de dados.
2025-08-16 11:11:23,018 - INFO - Iniciando novo ciclo de coleta de POSIÇÕES com filtro inteligente...
2025-08-16 11:11:23,875 - INFO - API retornou 4854 veículos. Após o filtro, 91 serão salvos.
2025-08-16 11:11:23,889 - INFO - 91 novos registros de POSIÇÃO foram salvos no banco de dados.
2025-08-16 11:41:24,328 - INFO - Iniciando novo ciclo de coleta de POSIÇÕES com filtro inteligente...
2025-08-16 11:41:25,286 - INFO - API retornou 4809 veículos. Após o filtro, 89 serão salvos.
2025-08-16 11:41:25,300 - INFO - 89 novos registros de POSIÇÃO foram salvos no banco de dados.
2025-08-16 12:11:25,746 - INFO - Iniciando novo ciclo de coleta de POSIÇÕES com filtro inteligente...
2025-08-16 12:11:26,540 - INFO - API retornou 4797 veículos. Após o filtro, 93 serão salvos.
2025-08-16 12:11:26,552 - INFO - 93 novos registros de POSIÇÃO foram salvos no banco de dados.
2025-08-16 12:41:26,999 - INFO - Iniciando novo ciclo de coleta de POSIÇÕES com filtro inteligente...
2025-08-16 12:41:27,600 - INFO - API retornou 4757 veículos. Após o filtro, 91 serão salvos.
2025-08-16 12:41:27,614 - INFO - 91 novos registros de POSIÇÃO foram salvos no banco de dados.
2025-08-16 13:11:28,072 - INFO - Iniciando novo ciclo de coleta de POSIÇÕES com filtro inteligente...
2025-08-16 13:11:29,283 - INFO - API retornou 4748 veículos. Após o filtro, 95 serão salvos.
2025-08-16 13:11:29,295 - INFO - 95 novos registros de POSIÇÃO foram salvos no banco de dados.
2025-08-16 13:41:29,743 - INFO - Iniciando novo ciclo de coleta de POSIÇÕES com filtro inteligente...
2025-08-16 13:41:30,648 - INFO - API retornou 4718 veículos. Após o filtro, 92 serão salvos.
2025-08-16 13:41:30,661 - INFO - 92 novos registros de POSIÇÃO foram salvos no banco de dados.
2025-08-16 14:11:31,109 - INFO - Iniciando novo ciclo de coleta de POSIÇÕES com filtro inteligente...
2025-08-16 14:11:32,054 - INFO - API retornou 4713 veículos. Após o filtro, 94 serão salvos.
2025-08-16 14:11:32,068 - INFO - 94 novos registros de POSIÇÃO foram salvos no banco de dados.
2025-08-16 14:41:32,503 - INFO - Iniciando novo ciclo de coleta de POSIÇÕES com filtro inteligente...
2025-08-16 14:41:33,418 - INFO - API retornou 4704 veículos. Após o filtro, 99 serão salvos.
2025-08-16 14:41:33,431 - INFO - 99 novos registros de POSIÇÃO foram salvos no banco de dados.
2025-08-16 15:11:33,874 - INFO - Iniciando novo ciclo de coleta de POSIÇÕES com filtro inteligente...
2025-08-16 15:11:34,600 - INFO - API retornou 4675 veículos. Após o filtro, 94 serão salvos.
2025-08-16 15:11:34,612 - INFO - 94 novos registros de POSIÇÃO foram salvos no banco de dados.
2025-08-16 15:41:35,066 - INFO - Iniciando novo ciclo de coleta de POSIÇÕES com filtro inteligente...
2025-08-16 15:41:35,768 - INFO - API retornou 4679 veículos. Após o filtro, 92 serão salvos.
2025-08-16 15:41:35,780 - INFO - 92 novos registros de POSIÇÃO foram salvos no banco de dados.
2025-08-16 16:11:36,223 - INFO - Iniciando novo ciclo de coleta de POSIÇÕES com filtro inteligente...
2025-08-16 16:11:37,098 - INFO - API retornou 4689 veículos. Após o filtro, 91 serão salvos.
2025-08-16 16:11:37,110 - INFO - 91 novos registros de POSIÇÃO foram salvos no banco de dados.
2025-08-16 16:41:37,553 - INFO - Iniciando novo ciclo de coleta de POSIÇÕES com filtro inteligente...
2025-08-16 16:41:38,841 - INFO - API retornou 4711 veículos. Após o filtro, 88 serão salvos.
2025-08-16 16:41:38,852 - INFO - 88 novos registros de POSIÇÃO foram salvos no banco de dados.
2025-08-16 17:11:39,290 - INFO - Iniciando novo ciclo de coleta de POSIÇÕES com filtro inteligente...
2025-08-16 17:11:40,018 - INFO - API retornou 4770 veículos. Após o filtro, 90 serão salvos.
2025-08-16 17:11:40,030 - INFO - 90 novos registros de POSIÇÃO foram salvos no banco de dados.
2025-08-16 17:41:40,461 - INFO - Iniciando novo ciclo de coleta de POSIÇÕES com filtro inteligente...
2025-08-16 17:41:41,307 - INFO - API retornou 4736 veículos. Após o filtro, 91 serão salvos.
2025-08-16 17:41:41,319 - INFO - 91 novos registros de POSIÇÃO foram salvos no banco de dados.
2025-08-16 18:11:41,753 - INFO - Iniciando novo ciclo de coleta de POSIÇÕES com filtro inteligente...
2025-08-16 18:11:42,595 - INFO - API retornou 4709 veículos. Após o filtro, 83 serão salvos.
2025-08-16 18:11:42,608 - INFO - 83 novos registros de POSIÇÃO foram salvos no banco de dados.
2025-08-16 18:41:43,060 - INFO - Iniciando novo ciclo de coleta de POSIÇÕES com filtro inteligente...
2025-08-16 18:41:43,884 - INFO - API retornou 4622 veículos. Após o filtro, 83 serão salvos.
2025-08-16 18:41:43,896 - INFO - 83 novos registros de POSIÇÃO foram salvos no banco de dados.
2025-08-16 19:11:44,315 - INFO - Iniciando novo ciclo de coleta de POSIÇÕES com filtro inteligente...
2025-08-16 19:11:45,428 - INFO - API retornou 4523 veículos. Após o filtro, 75 serão salvos.
2025-08-16 19:11:45,440 - INFO - 75 novos registros de POSIÇÃO foram salvos no banco de dados.
2025-08-17 16:00:44,193 - INFO - Serviço de coleta de POSIÇÕES da SPTrans (com filtro) iniciado.
2025-08-17 16:00:44,207 - INFO - 8 letreiros de linha alvo carregados para filtragem.
2025-08-17 16:00:44,207 - INFO - Coleta de posições agendada para verificação a cada 30 minutos.
2025-08-17 16:00:44,208 - INFO - Executando um ciclo de coleta inicial para teste...
2025-08-17 16:00:44,208 - INFO - Iniciando novo ciclo de coleta de POSIÇÕES com filtro inteligente...
2025-08-17 16:00:44,530 - INFO - API retornou 3420 veículos. Após o filtro, 55 serão salvos.
2025-08-17 16:00:44,554 - INFO - 55 novos registros de POSIÇÃO foram salvos no banco de dados.
